<?xml version="1.0" encoding="UTF-8"?>
<!-- Generated by org.testng.reporters.JUnitReportReporter -->
<testsuite hostname="DESKTOP-QEBQ8BA" failures="0" tests="1" name="com.issuewire.qa.tests.login_Test" time="34.071" errors="0" timestamp="2022-10-11T15:44:49 IST" skipped="0">
  <testcase classname="com.issuewire.qa.tests.login_Test" name="validateLoginPageTitle" time="34.071"/>
  <system-out/>
</testsuite> <!-- com.issuewire.qa.tests.login_Test -->
