<?xml version="1.0" encoding="UTF-8"?>
<!-- Generated by org.testng.reporters.JUnitReportReporter -->
<testsuite hostname="DESKTOP-QEBQ8BA" failures="0" tests="1" name="com.issuewire.qa.tests.LoginPageTest" time="25.886" errors="0" timestamp="2022-10-10T15:59:06 IST" skipped="0">
  <testcase classname="com.issuewire.qa.tests.LoginPageTest" name="login" time="25.886"/>
  <system-out/>
</testsuite> <!-- com.issuewire.qa.tests.LoginPageTest -->
